2018-05-05 01:57:04 Notice: Notice (8): Undefined variable: table in [/Users/bryanrocha/cakephp/teste_4/config/Migrations/20180505015412_AlterAmigo.php, line 15]
Trace:
Cake\Error\BaseErrorHandler::handleError() - CORE/src/Error/BaseErrorHandler.php, line 153
AlterAmigo::change() - ROOT/config/Migrations/20180505015412_AlterAmigo.php, line 15
Phinx\Migration\Manager\Environment::executeMigration() - ROOT/vendor/robmorgan/phinx/src/Phinx/Migration/Manager/Environment.php, line 122
Phinx\Migration\Manager::executeMigration() - ROOT/vendor/robmorgan/phinx/src/Phinx/Migration/Manager.php, line 366
Phinx\Migration\Manager::migrate() - ROOT/vendor/robmorgan/phinx/src/Phinx/Migration/Manager.php, line 342
Phinx\Console\Command\Migrate::execute() - ROOT/vendor/robmorgan/phinx/src/Phinx/Console/Command/Migrate.php, line 113
Migrations\Command\Migrate::parentExecute() - ROOT/vendor/cakephp/migrations/src/Command/CommandTrait.php, line 35
Migrations\Command\Migrate::execute() - ROOT/vendor/cakephp/migrations/src/Command/Migrate.php, line 65
Symfony\Component\Console\Command\Command::run() - ROOT/vendor/symfony/console/Command/Command.php, line 252
Symfony\Component\Console\Application::doRunCommand() - ROOT/vendor/symfony/console/Application.php, line 946
Symfony\Component\Console\Application::doRun() - ROOT/vendor/symfony/console/Application.php, line 248
Symfony\Component\Console\Application::run() - ROOT/vendor/symfony/console/Application.php, line 148
Migrations\Shell\MigrationsShell::main() - ROOT/vendor/cakephp/migrations/src/Shell/MigrationsShell.php, line 108
Cake\Console\Shell::runCommand() - CORE/src/Console/Shell.php, line 532
Migrations\Shell\MigrationsShell::runCommand() - ROOT/vendor/cakephp/migrations/src/Shell/MigrationsShell.php, line 164
Cake\Console\CommandRunner::runShell() - CORE/src/Console/CommandRunner.php, line 339
Cake\Console\CommandRunner::run() - CORE/src/Console/CommandRunner.php, line 161
[main] - ROOT/bin/cake.php, line 12



2018-05-07 19:54:50 Notice: Notice (8): Undefined index: Login in [/Users/bryanrocha/cakephp/teste_4/vendor/cakephp/bake/src/View/Helper/DocBlockHelper.php, line 238]
Trace:
Cake\Error\BaseErrorHandler::handleError() - CORE/src/Error/BaseErrorHandler.php, line 153
Bake\View\Helper\DocBlockHelper::buildTableAnnotations() - ROOT/vendor/cakephp/bake/src/View/Helper/DocBlockHelper.php, line 238
Twig_Template::getAttribute() - ROOT/vendor/twig/twig/lib/Twig/Template.php, line 679
__TwigTemplate_f5af5964ce552413c82b99389c4e4f97ca4a6ed2ba1cefbd7f08e9f478479881::doDisplay() - ROOT/tmp/cache/twigView/7c/7c1071d5bf37f6236de0f98d90bae8f27849631825a8a7120926cce168be24a4.php, line 22
Twig_Template::displayWithErrorHandling() - ROOT/vendor/twig/twig/lib/Twig/Template.php, line 432
Twig_Template::display() - ROOT/vendor/twig/twig/lib/Twig/Template.php, line 403
Twig_Template::render() - ROOT/vendor/twig/twig/lib/Twig/Template.php, line 411
WyriHaximus\TwigView\View\TwigView::_render() - ROOT/vendor/wyrihaximus/twig-view/src/View/TwigView.php, line 180
Bake\View\BakeView::render() - ROOT/vendor/cakephp/bake/src/View/BakeView.php, line 146
Bake\Shell\Task\BakeTemplateTask::generate() - ROOT/vendor/cakephp/bake/src/Shell/Task/BakeTemplateTask.php, line 91
Bake\Shell\Task\ModelTask::bakeTable() - ROOT/vendor/cakephp/bake/src/Shell/Task/ModelTask.php, line 956
Bake\Shell\Task\ModelTask::bake() - ROOT/vendor/cakephp/bake/src/Shell/Task/ModelTask.php, line 114
Bake\Shell\Task\ModelTask::main() - ROOT/vendor/cakephp/bake/src/Shell/Task/ModelTask.php, line 100
Cake\Console\Shell::runCommand() - CORE/src/Console/Shell.php, line 532
Cake\Console\Shell::runCommand() - CORE/src/Console/Shell.php, line 525
Cake\Console\CommandRunner::runShell() - CORE/src/Console/CommandRunner.php, line 339
Cake\Console\CommandRunner::run() - CORE/src/Console/CommandRunner.php, line 161
[main] - ROOT/bin/cake.php, line 12



